
> aitest@0.1.0 dev
> next dev

  ▲ Next.js 14.2.29
  - Local:        http://localhost:3000
  - Environments: .env.local

 ✓ Starting...
 ✓ Ready in 1820ms
 ○ Compiling / ...
 ✓ Compiled / in 2.1s (601 modules)
 GET / 200 in 2224ms
 ✓ Compiled /middleware in 217ms (72 modules)
 ✓ Compiled /api/classify-query in 189ms (68 modules)
 POST /api/classify-query 200 in 1136ms
 ✓ Compiled / in 116ms (347 modules)
 GET / 200 in 233ms
 ○ Compiling /_not-found ...
 ✓ Compiled /_not-found in 827ms (848 modules)
 GET /_next/static/css/app/layout.css?v=1750850868497 404 in 887ms
 GET /_next/static/chunks/app-pages-internals.js 404 in 650ms
 GET /_next/static/chunks/main-app.js?v=1750850868497 404 in 651ms
 GET /_next/static/chunks/webpack.js?v=1750850868497 404 in 652ms
 GET /_next/static/chunks/app/page.js 404 in 651ms
 GET /_next/static/chunks/app/layout.js 404 in 651ms
 ✓ Compiled /favicon.ico in 77ms (380 modules)
 GET /favicon.ico 200 in 116ms
 ○ Compiling /map ...
 ✓ Compiled /map in 64.9s (12665 modules)
[LOG] /app/map/page.tsx loaded
 GET /.well-known/appspecific/com.chrome.devtools.json 404 in 61606ms
[LOG] MapPage component rendered
 GET /_next/static/css/app/layout.css?v=1750850868497 404 in 61522ms
 GET /map 200 in 65125ms
 GET /.well-known/appspecific/com.chrome.devtools.json 404 in 20ms
 GET /_next/static/css/app/layout.css?v=1750850941431 404 in 27ms
 GET /_next/static/media/e4af272ccee01ff0-s.p.woff2 404 in 26ms
 GET /_next/static/chunks/main-app.js?v=1750850941431 404 in 37ms
 GET /_next/static/chunks/app-pages-internals.js 404 in 45ms
 GET /favicon.ico 200 in 48ms
 ○ Compiling /_error ...
<w> [webpack.cache.PackFileCacheStrategy] Caching failed for pack: Error: ENOENT: no such file or directory, rename '/Users/voldeck/code/mpiq-config/.next/cache/webpack/client-development/2.pack.gz_' -> '/Users/voldeck/code/mpiq-config/.next/cache/webpack/client-development/2.pack.gz'
 ✓ Compiled /_error in 22.7s (12667 modules)
 ⨯ Error: Cannot find module '/Users/voldeck/code/mpiq-config/.next/server/pages/_document.js'
Require stack:
- /Users/voldeck/code/mpiq-config/node_modules/next/dist/server/require.js
- /Users/voldeck/code/mpiq-config/node_modules/next/dist/server/load-components.js
- /Users/voldeck/code/mpiq-config/node_modules/next/dist/build/utils.js
- /Users/voldeck/code/mpiq-config/node_modules/next/dist/server/dev/hot-middleware.js
- /Users/voldeck/code/mpiq-config/node_modules/next/dist/server/dev/hot-reloader-webpack.js
- /Users/voldeck/code/mpiq-config/node_modules/next/dist/server/lib/router-utils/setup-dev-bundler.js
- /Users/voldeck/code/mpiq-config/node_modules/next/dist/server/lib/router-server.js
- /Users/voldeck/code/mpiq-config/node_modules/next/dist/server/lib/start-server.js
    at Module.<anonymous> (node:internal/modules/cjs/loader:1405:15)
    at /Users/voldeck/code/mpiq-config/node_modules/next/dist/server/require-hook.js:55:36
    at defaultResolveImpl (node:internal/modules/cjs/loader:1061:19)
    at resolveForCJSWithHooks (node:internal/modules/cjs/loader:1066:22)
    at Module._load (node:internal/modules/cjs/loader:1215:37)
    at TracingChannel.traceSync (node:diagnostics_channel:322:14)
    at wrapModuleLoad (node:internal/modules/cjs/loader:235:24)
    at Module.<anonymous> (node:internal/modules/cjs/loader:1491:12)
    at mod.require (/Users/voldeck/code/mpiq-config/node_modules/next/dist/server/require-hook.js:65:28)
    at require (node:internal/modules/helpers:135:16)
    at requirePage (/Users/voldeck/code/mpiq-config/node_modules/next/dist/server/require.js:109:84)
    at /Users/voldeck/code/mpiq-config/node_modules/next/dist/server/load-components.js:72:65
    at async Promise.all (index 0)
    at async loadComponentsImpl (/Users/voldeck/code/mpiq-config/node_modules/next/dist/server/load-components.js:71:33)
    at async DevServer.findPageComponentsImpl (/Users/voldeck/code/mpiq-config/node_modules/next/dist/server/next-server.js:714:36) {
  code: 'MODULE_NOT_FOUND',
  requireStack: [
    '/Users/voldeck/code/mpiq-config/node_modules/next/dist/server/require.js',
    '/Users/voldeck/code/mpiq-config/node_modules/next/dist/server/load-components.js',
    '/Users/voldeck/code/mpiq-config/node_modules/next/dist/build/utils.js',
    '/Users/voldeck/code/mpiq-config/node_modules/next/dist/server/dev/hot-middleware.js',
    '/Users/voldeck/code/mpiq-config/node_modules/next/dist/server/dev/hot-reloader-webpack.js',
    '/Users/voldeck/code/mpiq-config/node_modules/next/dist/server/lib/router-utils/setup-dev-bundler.js',
    '/Users/voldeck/code/mpiq-config/node_modules/next/dist/server/lib/router-server.js',
    '/Users/voldeck/code/mpiq-config/node_modules/next/dist/server/lib/start-server.js'
  ]
}
 GET / 500 in 24429ms
 ⨯ Error: Cannot find module '/Users/voldeck/code/mpiq-config/.next/server/pages/_document.js'
Require stack:
- /Users/voldeck/code/mpiq-config/node_modules/next/dist/server/require.js
- /Users/voldeck/code/mpiq-config/node_modules/next/dist/server/load-components.js
- /Users/voldeck/code/mpiq-config/node_modules/next/dist/build/utils.js
- /Users/voldeck/code/mpiq-config/node_modules/next/dist/server/dev/hot-middleware.js
- /Users/voldeck/code/mpiq-config/node_modules/next/dist/server/dev/hot-reloader-webpack.js
- /Users/voldeck/code/mpiq-config/node_modules/next/dist/server/lib/router-utils/setup-dev-bundler.js
- /Users/voldeck/code/mpiq-config/node_modules/next/dist/server/lib/router-server.js
- /Users/voldeck/code/mpiq-config/node_modules/next/dist/server/lib/start-server.js
    at Module.<anonymous> (node:internal/modules/cjs/loader:1405:15)
    at /Users/voldeck/code/mpiq-config/node_modules/next/dist/server/require-hook.js:55:36
    at defaultResolveImpl (node:internal/modules/cjs/loader:1061:19)
    at resolveForCJSWithHooks (node:internal/modules/cjs/loader:1066:22)
    at Module._load (node:internal/modules/cjs/loader:1215:37)
    at TracingChannel.traceSync (node:diagnostics_channel:322:14)
    at wrapModuleLoad (node:internal/modules/cjs/loader:235:24)
    at Module.<anonymous> (node:internal/modules/cjs/loader:1491:12)
    at mod.require (/Users/voldeck/code/mpiq-config/node_modules/next/dist/server/require-hook.js:65:28)
    at require (node:internal/modules/helpers:135:16)
    at requirePage (/Users/voldeck/code/mpiq-config/node_modules/next/dist/server/require.js:109:84)
    at /Users/voldeck/code/mpiq-config/node_modules/next/dist/server/load-components.js:72:65
    at async Promise.all (index 0)
    at async loadComponentsImpl (/Users/voldeck/code/mpiq-config/node_modules/next/dist/server/load-components.js:71:33)
    at async DevServer.findPageComponentsImpl (/Users/voldeck/code/mpiq-config/node_modules/next/dist/server/next-server.js:714:36) {
  code: 'MODULE_NOT_FOUND',
  requireStack: [
    '/Users/voldeck/code/mpiq-config/node_modules/next/dist/server/require.js',
    '/Users/voldeck/code/mpiq-config/node_modules/next/dist/server/load-components.js',
    '/Users/voldeck/code/mpiq-config/node_modules/next/dist/build/utils.js',
    '/Users/voldeck/code/mpiq-config/node_modules/next/dist/server/dev/hot-middleware.js',
    '/Users/voldeck/code/mpiq-config/node_modules/next/dist/server/dev/hot-reloader-webpack.js',
    '/Users/voldeck/code/mpiq-config/node_modules/next/dist/server/lib/router-utils/setup-dev-bundler.js',
    '/Users/voldeck/code/mpiq-config/node_modules/next/dist/server/lib/router-server.js',
    '/Users/voldeck/code/mpiq-config/node_modules/next/dist/server/lib/start-server.js'
  ]
}
 GET / 500 in 17ms
 ⨯ Error: Cannot find module '/Users/voldeck/code/mpiq-config/.next/server/pages/_document.js'
Require stack:
- /Users/voldeck/code/mpiq-config/node_modules/next/dist/server/require.js
- /Users/voldeck/code/mpiq-config/node_modules/next/dist/server/load-components.js
- /Users/voldeck/code/mpiq-config/node_modules/next/dist/build/utils.js
- /Users/voldeck/code/mpiq-config/node_modules/next/dist/server/dev/hot-middleware.js
- /Users/voldeck/code/mpiq-config/node_modules/next/dist/server/dev/hot-reloader-webpack.js
- /Users/voldeck/code/mpiq-config/node_modules/next/dist/server/lib/router-utils/setup-dev-bundler.js
- /Users/voldeck/code/mpiq-config/node_modules/next/dist/server/lib/router-server.js
- /Users/voldeck/code/mpiq-config/node_modules/next/dist/server/lib/start-server.js
    at Module.<anonymous> (node:internal/modules/cjs/loader:1405:15)
    at /Users/voldeck/code/mpiq-config/node_modules/next/dist/server/require-hook.js:55:36
    at defaultResolveImpl (node:internal/modules/cjs/loader:1061:19)
    at resolveForCJSWithHooks (node:internal/modules/cjs/loader:1066:22)
    at Module._load (node:internal/modules/cjs/loader:1215:37)
    at TracingChannel.traceSync (node:diagnostics_channel:322:14)
    at wrapModuleLoad (node:internal/modules/cjs/loader:235:24)
    at Module.<anonymous> (node:internal/modules/cjs/loader:1491:12)
    at mod.require (/Users/voldeck/code/mpiq-config/node_modules/next/dist/server/require-hook.js:65:28)
    at require (node:internal/modules/helpers:135:16)
    at requirePage (/Users/voldeck/code/mpiq-config/node_modules/next/dist/server/require.js:109:84)
    at /Users/voldeck/code/mpiq-config/node_modules/next/dist/server/load-components.js:72:65
    at async Promise.all (index 0)
    at async loadComponentsImpl (/Users/voldeck/code/mpiq-config/node_modules/next/dist/server/load-components.js:71:33)
    at async DevServer.findPageComponentsImpl (/Users/voldeck/code/mpiq-config/node_modules/next/dist/server/next-server.js:714:36) {
  code: 'MODULE_NOT_FOUND',
  requireStack: [
    '/Users/voldeck/code/mpiq-config/node_modules/next/dist/server/require.js',
    '/Users/voldeck/code/mpiq-config/node_modules/next/dist/server/load-components.js',
    '/Users/voldeck/code/mpiq-config/node_modules/next/dist/build/utils.js',
    '/Users/voldeck/code/mpiq-config/node_modules/next/dist/server/dev/hot-middleware.js',
    '/Users/voldeck/code/mpiq-config/node_modules/next/dist/server/dev/hot-reloader-webpack.js',
    '/Users/voldeck/code/mpiq-config/node_modules/next/dist/server/lib/router-utils/setup-dev-bundler.js',
    '/Users/voldeck/code/mpiq-config/node_modules/next/dist/server/lib/router-server.js',
    '/Users/voldeck/code/mpiq-config/node_modules/next/dist/server/lib/start-server.js'
  ]
}
 GET /.well-known/appspecific/com.chrome.devtools.json 500 in 7ms
[?25h
