[2025-05-18T17:06:34.933Z] Starting SHAP service keep-alive script
[2025-05-18T17:06:34.947Z] API Endpoint: https://nesto-mortgage-analytics.onrender.com
[2025-05-18T17:06:34.947Z] API Key: HFq...CaB
[2025-05-18T17:06:34.947Z] Ping interval: 10 minutes
[2025-05-18T17:06:34.947Z] Pinging SHAP service to keep it alive...
[2025-05-18T17:07:05.001Z] Request timed out. The service may be starting up or overloaded.
[2025-05-18T17:17:05.025Z] Pinging SHAP service to keep it alive...
[2025-05-18T17:17:35.175Z] Request timed out. The service may be starting up or overloaded.
[2025-05-18T17:17:35.175Z] Success count: 0, Failure count: 2
[2025-05-18T17:27:05.016Z] Pinging SHAP service to keep it alive...
[2025-05-18T17:27:35.169Z] Request timed out. The service may be starting up or overloaded.
[2025-05-18T17:27:35.170Z] Success count: 0, Failure count: 3
[2025-05-18T17:37:05.017Z] Pinging SHAP service to keep it alive...
[2025-05-18T17:37:35.107Z] Request timed out. The service may be starting up or overloaded.
[2025-05-18T17:37:35.115Z] Success count: 0, Failure count: 4
[2025-05-18T17:47:05.015Z] Pinging SHAP service to keep it alive...
[2025-05-18T17:47:35.100Z] Request timed out. The service may be starting up or overloaded.
[2025-05-18T17:47:35.101Z] Success count: 0, Failure count: 5
[2025-05-18T17:57:05.017Z] Pinging SHAP service to keep it alive...
[2025-05-18T17:57:35.173Z] Request timed out. The service may be starting up or overloaded.
[2025-05-18T17:57:35.173Z] Success count: 0, Failure count: 6
[2025-05-18T18:07:05.019Z] Pinging SHAP service to keep it alive...
[2025-05-18T18:07:35.146Z] Request timed out. The service may be starting up or overloaded.
[2025-05-18T18:07:35.146Z] Success count: 0, Failure count: 7
[2025-05-18T18:17:05.015Z] Pinging SHAP service to keep it alive...
[2025-05-18T18:17:35.089Z] Request timed out. The service may be starting up or overloaded.
[2025-05-18T18:17:35.090Z] Success count: 0, Failure count: 8
[2025-05-18T18:27:05.018Z] Pinging SHAP service to keep it alive...
[2025-05-18T18:27:35.110Z] Request timed out. The service may be starting up or overloaded.
[2025-05-18T18:27:35.112Z] Success count: 0, Failure count: 9
[2025-05-18T18:37:04.990Z] Pinging SHAP service to keep it alive...
[2025-05-18T18:37:35.055Z] Request timed out. The service may be starting up or overloaded.
[2025-05-18T18:37:35.055Z] Success count: 0, Failure count: 10
[2025-05-18T18:47:04.985Z] Pinging SHAP service to keep it alive...
[2025-05-18T18:47:35.062Z] Request timed out. The service may be starting up or overloaded.
[2025-05-18T18:47:35.062Z] Success count: 0, Failure count: 11
[2025-05-18T18:57:04.981Z] Pinging SHAP service to keep it alive...
[2025-05-18T18:57:35.068Z] Request timed out. The service may be starting up or overloaded.
[2025-05-18T18:57:35.068Z] Success count: 0, Failure count: 12
[2025-05-18T19:07:05.011Z] Pinging SHAP service to keep it alive...
[2025-05-18T19:07:35.144Z] Request timed out. The service may be starting up or overloaded.
[2025-05-18T19:07:35.146Z] Success count: 0, Failure count: 13
[2025-05-18T19:17:05.008Z] Pinging SHAP service to keep it alive...
[2025-05-18T19:17:35.172Z] Request timed out. The service may be starting up or overloaded.
[2025-05-18T19:17:35.173Z] Success count: 0, Failure count: 14
[2025-05-18T19:27:05.004Z] Pinging SHAP service to keep it alive...
[2025-05-18T19:27:35.162Z] Request timed out. The service may be starting up or overloaded.
[2025-05-18T19:27:35.162Z] Success count: 0, Failure count: 15
[2025-05-18T19:37:05.001Z] Pinging SHAP service to keep it alive...
[2025-05-18T19:37:35.096Z] Request timed out. The service may be starting up or overloaded.
[2025-05-18T19:37:35.097Z] Success count: 0, Failure count: 16
[2025-05-18T19:47:05.004Z] Pinging SHAP service to keep it alive...
[2025-05-18T19:47:35.039Z] Request timed out. The service may be starting up or overloaded.
[2025-05-18T19:47:35.039Z] Success count: 0, Failure count: 17
[2025-05-18T19:57:05.018Z] Pinging SHAP service to keep it alive...
[2025-05-18T19:57:35.054Z] Request timed out. The service may be starting up or overloaded.
[2025-05-18T19:57:35.055Z] Success count: 0, Failure count: 18
[2025-05-18T20:07:05.020Z] Pinging SHAP service to keep it alive...
[2025-05-18T20:07:35.068Z] Request timed out. The service may be starting up or overloaded.
[2025-05-18T20:07:35.069Z] Success count: 0, Failure count: 19
[2025-05-18T20:17:05.016Z] Pinging SHAP service to keep it alive...
[2025-05-18T20:17:35.157Z] Request timed out. The service may be starting up or overloaded.
[2025-05-18T20:17:35.158Z] Success count: 0, Failure count: 20
[2025-05-18T20:27:04.999Z] Pinging SHAP service to keep it alive...
[2025-05-18T20:27:35.148Z] Request timed out. The service may be starting up or overloaded.
[2025-05-18T20:27:35.149Z] Success count: 0, Failure count: 21
[2025-05-18T20:37:05.006Z] Pinging SHAP service to keep it alive...
[2025-05-18T20:37:35.157Z] Request timed out. The service may be starting up or overloaded.
[2025-05-18T20:37:35.158Z] Success count: 0, Failure count: 22
[2025-05-18T20:47:04.988Z] Pinging SHAP service to keep it alive...
[2025-05-18T20:47:35.002Z] Request timed out. The service may be starting up or overloaded.
[2025-05-18T20:47:35.003Z] Success count: 0, Failure count: 23
[2025-05-18T20:57:04.972Z] Pinging SHAP service to keep it alive...
[2025-05-18T20:57:35.045Z] Request timed out. The service may be starting up or overloaded.
[2025-05-18T20:57:35.048Z] Success count: 0, Failure count: 24
[2025-05-18T21:07:04.966Z] Pinging SHAP service to keep it alive...
[2025-05-18T21:07:34.996Z] Request timed out. The service may be starting up or overloaded.
[2025-05-18T21:07:34.997Z] Success count: 0, Failure count: 25
[2025-05-18T21:17:04.954Z] Pinging SHAP service to keep it alive...
[2025-05-18T21:17:34.994Z] Request timed out. The service may be starting up or overloaded.
[2025-05-18T21:17:34.996Z] Success count: 0, Failure count: 26
[2025-05-18T21:27:04.942Z] Pinging SHAP service to keep it alive...
[2025-05-18T21:27:34.967Z] Request timed out. The service may be starting up or overloaded.
[2025-05-18T21:27:34.969Z] Success count: 0, Failure count: 27
[2025-05-18T21:37:04.963Z] Pinging SHAP service to keep it alive...
[2025-05-18T21:37:05.477Z] Service responded with status 502
[2025-05-18T21:37:05.478Z] Success count: 1, Failure count: 27
[2025-05-18T21:47:04.955Z] Pinging SHAP service to keep it alive...
[2025-05-18T21:47:35.136Z] Request timed out. The service may be starting up or overloaded.
[2025-05-18T21:47:35.137Z] Success count: 1, Failure count: 28
[2025-05-18T21:57:04.952Z] Pinging SHAP service to keep it alive...
[2025-05-18T21:57:35.064Z] Request timed out. The service may be starting up or overloaded.
[2025-05-18T21:57:35.065Z] Success count: 1, Failure count: 29
[2025-05-18T22:07:04.984Z] Pinging SHAP service to keep it alive...
[2025-05-18T22:07:35.159Z] Request timed out. The service may be starting up or overloaded.
[2025-05-18T22:07:35.159Z] Success count: 1, Failure count: 30
[2025-05-18T22:17:04.985Z] Pinging SHAP service to keep it alive...
[2025-05-18T22:17:35.161Z] Request timed out. The service may be starting up or overloaded.
[2025-05-18T22:17:35.170Z] Success count: 1, Failure count: 31
[2025-05-18T22:27:04.992Z] Pinging SHAP service to keep it alive...
[2025-05-18T22:27:35.127Z] Request timed out. The service may be starting up or overloaded.
[2025-05-18T22:27:35.129Z] Success count: 1, Failure count: 32
[2025-05-18T22:37:04.994Z] Pinging SHAP service to keep it alive...
[2025-05-18T22:37:35.166Z] Request timed out. The service may be starting up or overloaded.
[2025-05-18T22:37:35.167Z] Success count: 1, Failure count: 33
[2025-05-18T22:47:04.996Z] Pinging SHAP service to keep it alive...
[2025-05-18T22:47:35.182Z] Request timed out. The service may be starting up or overloaded.
[2025-05-18T22:47:35.183Z] Success count: 1, Failure count: 34
[2025-05-18T22:57:04.982Z] Pinging SHAP service to keep it alive...
[2025-05-18T22:57:35.023Z] Request timed out. The service may be starting up or overloaded.
[2025-05-18T22:57:35.029Z] Success count: 1, Failure count: 35
[2025-05-18T23:07:04.981Z] Pinging SHAP service to keep it alive...
[2025-05-18T23:07:35.044Z] Request timed out. The service may be starting up or overloaded.
[2025-05-18T23:07:35.046Z] Success count: 1, Failure count: 36
[2025-05-18T23:17:04.986Z] Pinging SHAP service to keep it alive...
[2025-05-18T23:17:35.033Z] Request timed out. The service may be starting up or overloaded.
[2025-05-18T23:17:35.035Z] Success count: 1, Failure count: 37
[2025-05-18T23:27:04.992Z] Pinging SHAP service to keep it alive...
[2025-05-18T23:27:35.168Z] Request timed out. The service may be starting up or overloaded.
[2025-05-18T23:27:35.169Z] Success count: 1, Failure count: 38
[2025-05-18T23:37:05.026Z] Pinging SHAP service to keep it alive...
[2025-05-18T23:37:35.869Z] Request timed out. The service may be starting up or overloaded.
[2025-05-18T23:37:35.872Z] Success count: 1, Failure count: 39
[2025-05-18T23:47:05.034Z] Pinging SHAP service to keep it alive...
[2025-05-18T23:47:35.994Z] Request timed out. The service may be starting up or overloaded.
[2025-05-18T23:47:35.997Z] Success count: 1, Failure count: 40
[2025-05-18T23:57:05.031Z] Pinging SHAP service to keep it alive...
[2025-05-18T23:57:35.199Z] Request timed out. The service may be starting up or overloaded.
[2025-05-18T23:57:35.200Z] Success count: 1, Failure count: 41
[2025-05-19T00:07:05.035Z] Pinging SHAP service to keep it alive...
[2025-05-19T00:07:35.224Z] Request timed out. The service may be starting up or overloaded.
[2025-05-19T00:07:35.225Z] Success count: 1, Failure count: 42
[2025-05-19T00:17:05.031Z] Pinging SHAP service to keep it alive...
[2025-05-19T00:17:35.950Z] Request timed out. The service may be starting up or overloaded.
[2025-05-19T00:17:35.951Z] Success count: 1, Failure count: 43
[2025-05-19T00:27:05.142Z] Pinging SHAP service to keep it alive...
[2025-05-19T00:27:35.702Z] Request timed out. The service may be starting up or overloaded.
[2025-05-19T00:27:35.703Z] Success count: 1, Failure count: 44
[2025-05-19T00:37:05.188Z] Pinging SHAP service to keep it alive...
[2025-05-19T00:37:35.446Z] Request timed out. The service may be starting up or overloaded.
[2025-05-19T00:37:35.521Z] Success count: 1, Failure count: 45
[2025-05-19T00:47:05.197Z] Pinging SHAP service to keep it alive...
[2025-05-19T00:47:35.409Z] Request timed out. The service may be starting up or overloaded.
[2025-05-19T00:47:35.410Z] Success count: 1, Failure count: 46
[2025-05-19T00:57:05.208Z] Pinging SHAP service to keep it alive...
[2025-05-19T00:57:35.377Z] Request timed out. The service may be starting up or overloaded.
[2025-05-19T00:57:35.379Z] Success count: 1, Failure count: 47
[2025-05-19T01:07:05.200Z] Pinging SHAP service to keep it alive...
[2025-05-19T01:07:35.442Z] Request timed out. The service may be starting up or overloaded.
[2025-05-19T01:07:35.442Z] Success count: 1, Failure count: 48
[2025-05-19T01:17:05.197Z] Pinging SHAP service to keep it alive...
[2025-05-19T01:17:35.466Z] Request timed out. The service may be starting up or overloaded.
[2025-05-19T01:17:35.468Z] Success count: 1, Failure count: 49
[2025-05-19T01:27:05.204Z] Pinging SHAP service to keep it alive...
[2025-05-19T01:27:35.448Z] Request timed out. The service may be starting up or overloaded.
[2025-05-19T01:27:35.456Z] Success count: 1, Failure count: 50
[2025-05-19T01:37:05.202Z] Pinging SHAP service to keep it alive...
[2025-05-19T01:37:35.320Z] Request timed out. The service may be starting up or overloaded.
[2025-05-19T01:37:35.321Z] Success count: 1, Failure count: 51
[2025-05-19T01:47:05.192Z] Pinging SHAP service to keep it alive...
[2025-05-19T01:47:35.390Z] Request timed out. The service may be starting up or overloaded.
[2025-05-19T01:47:35.391Z] Success count: 1, Failure count: 52
[2025-05-19T01:57:05.205Z] Pinging SHAP service to keep it alive...
[2025-05-19T01:57:05.918Z] Service responded with status 404
[2025-05-19T01:57:05.919Z] Success count: 2, Failure count: 52
[2025-05-19T02:07:05.206Z] Pinging SHAP service to keep it alive...
[2025-05-19T02:07:05.925Z] Service responded with status 404
[2025-05-19T02:07:05.925Z] Success count: 3, Failure count: 52
[2025-05-19T02:17:05.184Z] Pinging SHAP service to keep it alive...
[2025-05-19T02:17:05.437Z] Service responded with status 404
[2025-05-19T02:17:05.437Z] Success count: 4, Failure count: 52
[2025-05-19T02:27:05.188Z] Pinging SHAP service to keep it alive...
[2025-05-19T02:27:05.706Z] Service responded with status 404
[2025-05-19T02:27:05.706Z] Success count: 5, Failure count: 52
[2025-05-19T02:37:05.246Z] Pinging SHAP service to keep it alive...
[2025-05-19T02:37:05.565Z] Service responded with status 404
[2025-05-19T02:37:05.566Z] Success count: 6, Failure count: 52
[2025-05-19T02:47:05.275Z] Pinging SHAP service to keep it alive...
[2025-05-19T02:47:05.737Z] Service responded with status 404
[2025-05-19T02:47:05.738Z] Success count: 7, Failure count: 52
[2025-05-19T02:57:05.275Z] Pinging SHAP service to keep it alive...
[2025-05-19T02:57:05.709Z] Service responded with status 404
[2025-05-19T02:57:05.709Z] Success count: 8, Failure count: 52
[2025-05-19T03:07:05.283Z] Pinging SHAP service to keep it alive...
[2025-05-19T03:07:05.852Z] Service responded with status 404
[2025-05-19T03:07:05.852Z] Success count: 9, Failure count: 52
[2025-05-19T03:17:05.288Z] Pinging SHAP service to keep it alive...
[2025-05-19T03:17:05.883Z] Service responded with status 404
[2025-05-19T03:17:05.883Z] Success count: 10, Failure count: 52
[2025-05-19T03:27:05.277Z] Pinging SHAP service to keep it alive...
[2025-05-19T03:27:05.596Z] Service responded with status 404
[2025-05-19T03:27:05.596Z] Success count: 11, Failure count: 52
[2025-05-19T03:37:05.279Z] Pinging SHAP service to keep it alive...
[2025-05-19T03:37:05.718Z] Service responded with status 404
[2025-05-19T03:37:05.718Z] Success count: 12, Failure count: 52
[2025-05-19T03:47:05.291Z] Pinging SHAP service to keep it alive...
[2025-05-19T03:47:05.735Z] Service responded with status 404
[2025-05-19T03:47:05.735Z] Success count: 13, Failure count: 52
[2025-05-19T04:04:08.175Z] Pinging SHAP service to keep it alive...
[2025-05-19T04:04:08.505Z] Service responded with status 404
[2025-05-19T04:04:08.506Z] Success count: 14, Failure count: 52
[2025-05-19T04:20:15.465Z] Pinging SHAP service to keep it alive...
[2025-05-19T04:20:15.847Z] Service responded with status 404
[2025-05-19T04:20:15.847Z] Success count: 15, Failure count: 52
[2025-05-19T04:38:00.107Z] Pinging SHAP service to keep it alive...
[2025-05-19T04:38:00.790Z] Service responded with status 404
[2025-05-19T04:38:00.791Z] Success count: 16, Failure count: 52
[2025-05-19T04:53:14.951Z] Pinging SHAP service to keep it alive...
[2025-05-19T04:53:15.706Z] Service responded with status 404
[2025-05-19T04:53:15.706Z] Success count: 17, Failure count: 52
[2025-05-19T05:12:04.220Z] Pinging SHAP service to keep it alive...
[2025-05-19T05:12:04.573Z] Service responded with status 404
[2025-05-19T05:12:04.573Z] Success count: 18, Failure count: 52
[2025-05-19T05:29:25.358Z] Pinging SHAP service to keep it alive...
[2025-05-19T05:29:25.754Z] Service responded with status 404
[2025-05-19T05:29:25.755Z] Success count: 19, Failure count: 52
[2025-05-19T05:47:00.986Z] Pinging SHAP service to keep it alive...
[2025-05-19T05:47:01.521Z] Service responded with status 404
[2025-05-19T05:47:01.522Z] Success count: 20, Failure count: 52
[2025-05-19T09:47:21.385Z] Pinging SHAP service to keep it alive...
[2025-05-19T09:47:21.719Z] Service responded with status 404
[2025-05-19T09:47:21.719Z] Success count: 21, Failure count: 52
[2025-05-19T09:58:20.377Z] Pinging SHAP service to keep it alive...
[2025-05-19T09:58:20.665Z] Service responded with status 404
[2025-05-19T09:58:20.665Z] Success count: 22, Failure count: 52
[2025-05-19T13:46:19.676Z] Pinging SHAP service to keep it alive...
[2025-05-19T13:46:21.597Z] Service responded with status 404
[2025-05-19T13:46:21.597Z] Success count: 23, Failure count: 52
[2025-05-19T13:56:19.610Z] Pinging SHAP service to keep it alive...
[2025-05-19T13:56:20.154Z] Service responded with status 404
[2025-05-19T13:56:20.154Z] Success count: 24, Failure count: 52
[2025-05-19T14:06:19.635Z] Pinging SHAP service to keep it alive...
[2025-05-19T14:06:19.949Z] Service responded with status 404
[2025-05-19T14:06:19.949Z] Success count: 25, Failure count: 52
[2025-05-19T14:16:19.636Z] Pinging SHAP service to keep it alive...
[2025-05-19T14:16:20.418Z] Service responded with status 404
[2025-05-19T14:16:20.418Z] Success count: 26, Failure count: 52
